<?xml version="1.0" encoding="UTF-8"?>
<!-- Generated by org.testng.reporters.JUnitReportReporter -->
<testsuite hostname="Rajis-Air.attlocal.net" failures="0" tests="3" name="raji.tests.submitordertest" time="26.880" errors="0" timestamp="2024-03-01T19:34:42 EST" skipped="0">
  <testcase classname="raji.tests.submitordertest" name="samplestandalonetest" time="9.213"/>
  <system-out/>
  <testcase classname="raji.tests.submitordertest" name="samplestandalonetest" time="8.911"/>
  <system-out/>
  <testcase classname="raji.tests.submitordertest" name="samplestandalonetest" time="8.756"/>
  <system-out/>
</testsuite> <!-- raji.tests.submitordertest -->
