<?xml version="1.0" encoding="UTF-8"?>
<!-- Generated by org.testng.reporters.JUnitReportReporter -->
<testsuite hostname="Rajis-Air.attlocal.net" failures="0" tests="1" name="cucumber.TestNGTestRunner" time="9.739" errors="0" timestamp="2024-02-23T22:51:46 EST" skipped="0">
  <testcase classname="cucumber.TestNGTestRunner" name="runScenario" time="9.739"/>
  <system-out/>
</testsuite> <!-- cucumber.TestNGTestRunner -->
