<?xml version="1.0" encoding="UTF-8"?>
<!-- Generated by org.testng.reporters.JUnitReportReporter -->
<testsuite hostname="Rajis-Air.attlocal.net" failures="0" tests="2" name="raji.tests.SampleStandalone" time="17.792" errors="0" timestamp="2024-02-15T10:47:45 EST" skipped="0">
  <testcase classname="raji.tests.SampleStandalone" name="samplestandalonetest" time="10.950"/>
  <system-out/>
  <testcase classname="raji.tests.SampleStandalone" name="orderhistorytest" time="6.842"/>
  <system-out/>
</testsuite> <!-- raji.tests.SampleStandalone -->
