<?xml version="1.0" encoding="UTF-8"?>
<!-- Generated by org.testng.reporters.JUnitReportReporter -->
<testsuite hostname="Rajis-Air.attlocal.net" failures="0" tests="1" name="raji.tests.ErrorValidation" time="9.882" errors="0" timestamp="2024-03-01T19:35:00 EST" skipped="0">
  <testcase classname="raji.tests.ErrorValidation" name="loginerrorvalidation" time="9.882"/>
  <system-out/>
</testsuite> <!-- raji.tests.ErrorValidation -->
