<?xml version="1.0" encoding="UTF-8"?>
<!-- Generated by org.testng.reporters.JUnitReportReporter -->
<testsuite hostname="Rajis-Air.attlocal.net" failures="0" tests="1" name="cucumber.TestNGTestRunner" time="10.023" errors="0" timestamp="2024-02-23T22:57:05 EST" skipped="0">
  <testcase classname="cucumber.TestNGTestRunner" name="runScenario" time="10.023"/>
</testsuite> <!-- cucumber.TestNGTestRunner -->
