<?xml version="1.0" encoding="UTF-8"?>
<!-- Generated by org.testng.reporters.JUnitReportReporter -->
<testsuite hostname="Rajis-Air.attlocal.net" failures="0" tests="2" name="raji.tests.ErrorValidation" time="16.638" errors="0" timestamp="2024-03-05T17:47:15 EST" skipped="0">
  <testcase classname="raji.tests.ErrorValidation" name="productcatalogueerror" time="9.712"/>
  <testcase classname="raji.tests.ErrorValidation" name="loginerrorvalidation" time="6.926"/>
</testsuite> <!-- raji.tests.ErrorValidation -->
