<?xml version="1.0" encoding="UTF-8"?>
<!-- Generated by org.testng.reporters.JUnitReportReporter -->
<testsuite hostname="Rajis-Air.attlocal.net" failures="0" tests="4" name="raji.tests.submitordertest" time="32.598" errors="0" timestamp="2024-03-05T17:47:15 EST" skipped="0">
  <testcase classname="raji.tests.submitordertest" name="samplestandalonetest" time="9.230"/>
  <testcase classname="raji.tests.submitordertest" name="orderhistorytest" time="5.648"/>
  <testcase classname="raji.tests.submitordertest" name="samplestandalonetest" time="9.313"/>
  <testcase classname="raji.tests.submitordertest" name="samplestandalonetest" time="8.407"/>
</testsuite> <!-- raji.tests.submitordertest -->
